<?xml version="1.0" encoding="UTF-8"?>
<!-- Generated by org.testng.reporters.JUnitReportReporter -->
<testsuite skipped="0" hostname="Manoj" name="org.test.TestAutomation" tests="6" failures="0" timestamp="17 Nov 2022 20:56:46 GMT" time="11.819" errors="0">
  <testcase name="loginValidation" time="2.808" classname="org.test.TestAutomation"/>
  <testcase name="verifyTheBalance" time="2.007" classname="org.test.TestAutomation"/>
  <testcase name="transeferFund" time="2.042" classname="org.test.TestAutomation"/>
  <testcase name="transcationFund" time="1.049" classname="org.test.TestAutomation"/>
  <testcase name="ContactValidation" time="2.778" classname="org.test.TestAutomation"/>
  <testcase name="signOff" time="1.135" classname="org.test.TestAutomation"/>
</testsuite> <!-- org.test.TestAutomation -->
